[01m[K/home/jain/Documents/GitHub/VRX_NUMarine/src/vrx/ros_packages/my_navigation_pkg/src/pid_controller_node.cpp:[m[K In constructor â€˜[01m[KPIDControllerNode::PIDControllerNode()[m[Kâ€™:
[01m[K/home/jain/Documents/GitHub/VRX_NUMarine/src/vrx/ros_packages/my_navigation_pkg/src/pid_controller_node.cpp:178:30:[m[K [01;35m[Kwarning: [m[Kâ€˜[01m[KPIDControllerNode::tf_listener_[m[Kâ€™ will be initialized after [[01;35m[K]8;;https://gcc.gnu.org/onlinedocs/gcc/Warning-Options.html#index-Wreorder-Wreorder]8;;[m[K]
  178 |   tf2_ros::TransformListener [01;35m[Ktf_listener_[m[K;
      |                              [01;35m[K^~~~~~~~~~~~[m[K
[01m[K/home/jain/Documents/GitHub/VRX_NUMarine/src/vrx/ros_packages/my_navigation_pkg/src/pid_controller_node.cpp:167:19:[m[K [01;35m[Kwarning: [m[K  â€˜[01m[KEigen::Vector3d PIDControllerNode::current_position_[m[Kâ€™ [[01;35m[K]8;;https://gcc.gnu.org/onlinedocs/gcc/Warning-Options.html#index-Wreorder-Wreorder]8;;[m[K]
  167 |   Eigen::Vector3d [01;35m[Kcurrent_position_[m[K;
      |                   [01;35m[K^~~~~~~~~~~~~~~~~[m[K
[01m[K/home/jain/Documents/GitHub/VRX_NUMarine/src/vrx/ros_packages/my_navigation_pkg/src/pid_controller_node.cpp:15:3:[m[K [01;35m[Kwarning: [m[K  when initialized here [[01;35m[K]8;;https://gcc.gnu.org/onlinedocs/gcc/Warning-Options.html#index-Wreorder-Wreorder]8;;[m[K]
   15 |   [01;35m[KPIDControllerNode[m[K()
      |   [01;35m[K^~~~~~~~~~~~~~~~~[m[K
[01m[K/home/jain/Documents/GitHub/VRX_NUMarine/src/vrx/ros_packages/my_navigation_pkg/src/pid_controller_node.cpp:[m[K In member function â€˜[01m[Kvoid PIDControllerNode::goal_callback(geometry_msgs::msg::PoseStamped_<std::allocator<void> >::SharedPtr)[m[Kâ€™:
[01m[K/home/jain/Documents/GitHub/VRX_NUMarine/src/vrx/ros_packages/my_navigation_pkg/src/pid_controller_node.cpp:68:48:[m[K [01;31m[Kerror: [m[Kno matching function for call to â€˜[01m[Ktf2_ros::Buffer::transform(std::__shared_ptr_access<geometry_msgs::msg::PoseStamped_<std::allocator<void> >, __gnu_cxx::_S_atomic, false, false>::element_type&, const char [4], const TimePoint&)[m[Kâ€™
   68 |         transformed_goal = [01;31m[Ktf_buffer_.transform(*msg, "map", tf2::TimePointZero)[m[K;
      |                            [01;31m[K~~~~~~~~~~~~~~~~~~~~^~~~~~~~~~~~~~~~~~~~~~~~~~~~~~~~~[m[K
In file included from [01m[K/opt/ros/humble/include/tf2_ros/tf2_ros/buffer.h:42[m[K,
                 from [01m[K/home/jain/Documents/GitHub/VRX_NUMarine/src/vrx/ros_packages/my_navigation_pkg/src/pid_controller_node.cpp:8[m[K:
[01m[K/opt/ros/humble/include/tf2_ros/tf2_ros/buffer_interface.h:209:7:[m[K [01;36m[Knote: [m[Kcandidate: â€˜[01m[Ktemplate<class T> T& tf2_ros::BufferInterface::transform(const T&, T&, const string&, tf2::Duration) const[m[Kâ€™
  209 |   T & [01;36m[Ktransform[m[K(
      |       [01;36m[K^~~~~~~~~[m[K
[01m[K/opt/ros/humble/include/tf2_ros/tf2_ros/buffer_interface.h:209:7:[m[K [01;36m[Knote: [m[K  template argument deduction/substitution failed:
[01m[K/home/jain/Documents/GitHub/VRX_NUMarine/src/vrx/ros_packages/my_navigation_pkg/src/pid_controller_node.cpp:68:48:[m[K [01;36m[Knote: [m[K  deduced conflicting types for parameter â€˜[01m[KT[m[Kâ€™ (â€˜[01m[Kgeometry_msgs::msg::PoseStamped_<std::allocator<void> >[m[Kâ€™ and â€˜[01m[Kconst char [4][m[Kâ€™)
   68 |         transformed_goal = [01;36m[Ktf_buffer_.transform(*msg, "map", tf2::TimePointZero)[m[K;
      |                            [01;36m[K~~~~~~~~~~~~~~~~~~~~^~~~~~~~~~~~~~~~~~~~~~~~~~~~~~~~~[m[K
In file included from [01m[K/opt/ros/humble/include/tf2_ros/tf2_ros/buffer.h:42[m[K,
                 from [01m[K/home/jain/Documents/GitHub/VRX_NUMarine/src/vrx/ros_packages/my_navigation_pkg/src/pid_controller_node.cpp:8[m[K:
[01m[K/opt/ros/humble/include/tf2_ros/tf2_ros/buffer_interface.h:231:5:[m[K [01;36m[Knote: [m[Kcandidate: â€˜[01m[Ktemplate<class T> T tf2_ros::BufferInterface::transform(const T&, const string&, tf2::Duration) const[m[Kâ€™
  231 |   T [01;36m[Ktransform[m[K(
      |     [01;36m[K^~~~~~~~~[m[K
[01m[K/opt/ros/humble/include/tf2_ros/tf2_ros/buffer_interface.h:231:5:[m[K [01;36m[Knote: [m[K  template argument deduction/substitution failed:
[01m[K/home/jain/Documents/GitHub/VRX_NUMarine/src/vrx/ros_packages/my_navigation_pkg/src/pid_controller_node.cpp:68:67:[m[K [01;36m[Knote: [m[K  cannot convert â€˜[01m[Ktf2::TimePointZero[m[Kâ€™ (type â€˜[01m[Kconst TimePoint[m[Kâ€™ {aka â€˜[01m[Kconst std::chrono::time_point<std::chrono::_V2::system_clock, std::chrono::duration<long int, std::ratio<1, 1000000000> > >[m[Kâ€™}) to type â€˜[01m[Ktf2::Duration[m[Kâ€™ {aka â€˜[01m[Kstd::chrono::duration<long int, std::ratio<1, 1000000000> >[m[Kâ€™}
   68 |         transformed_goal = tf_buffer_.transform(*msg, "map", [01;36m[Ktf2::TimePointZero[m[K);
      |                                                              [01;36m[K~~~~~^~~~~~~~~~~~~[m[K
In file included from [01m[K/opt/ros/humble/include/tf2_ros/tf2_ros/buffer.h:42[m[K,
                 from [01m[K/home/jain/Documents/GitHub/VRX_NUMarine/src/vrx/ros_packages/my_navigation_pkg/src/pid_controller_node.cpp:8[m[K:
[01m[K/opt/ros/humble/include/tf2_ros/tf2_ros/buffer_interface.h:257:7:[m[K [01;36m[Knote: [m[Kcandidate: â€˜[01m[Ktemplate<class A, class B> B& tf2_ros::BufferInterface::transform(const A&, B&, const string&, tf2::Duration) const[m[Kâ€™
  257 |   B & [01;36m[Ktransform[m[K(
      |       [01;36m[K^~~~~~~~~[m[K
[01m[K/opt/ros/humble/include/tf2_ros/tf2_ros/buffer_interface.h:257:7:[m[K [01;36m[Knote: [m[K  template argument deduction/substitution failed:
[01m[K/home/jain/Documents/GitHub/VRX_NUMarine/src/vrx/ros_packages/my_navigation_pkg/src/pid_controller_node.cpp:68:67:[m[K [01;36m[Knote: [m[K  cannot convert â€˜[01m[Ktf2::TimePointZero[m[Kâ€™ (type â€˜[01m[Kconst TimePoint[m[Kâ€™ {aka â€˜[01m[Kconst std::chrono::time_point<std::chrono::_V2::system_clock, std::chrono::duration<long int, std::ratio<1, 1000000000> > >[m[Kâ€™}) to type â€˜[01m[Kconst string&[m[Kâ€™ {aka â€˜[01m[Kconst std::__cxx11::basic_string<char>&[m[Kâ€™}
   68 |         transformed_goal = tf_buffer_.transform(*msg, "map", [01;36m[Ktf2::TimePointZero[m[K);
      |                                                              [01;36m[K~~~~~^~~~~~~~~~~~~[m[K
In file included from [01m[K/opt/ros/humble/include/tf2_ros/tf2_ros/buffer.h:42[m[K,
                 from [01m[K/home/jain/Documents/GitHub/VRX_NUMarine/src/vrx/ros_packages/my_navigation_pkg/src/pid_controller_node.cpp:8[m[K:
[01m[K/opt/ros/humble/include/tf2_ros/tf2_ros/buffer_interface.h:282:7:[m[K [01;36m[Knote: [m[Kcandidate: â€˜[01m[Ktemplate<class T> T& tf2_ros::BufferInterface::transform(const T&, T&, const string&, const TimePoint&, const string&, tf2::Duration) const[m[Kâ€™
  282 |   T & [01;36m[Ktransform[m[K(
      |       [01;36m[K^~~~~~~~~[m[K
[01m[K/opt/ros/humble/include/tf2_ros/tf2_ros/buffer_interface.h:282:7:[m[K [01;36m[Knote: [m[K  template argument deduction/substitution failed:
[01m[K/home/jain/Documents/GitHub/VRX_NUMarine/src/vrx/ros_packages/my_navigation_pkg/src/pid_controller_node.cpp:68:48:[m[K [01;36m[Knote: [m[K  deduced conflicting types for parameter â€˜[01m[KT[m[Kâ€™ (â€˜[01m[Kgeometry_msgs::msg::PoseStamped_<std::allocator<void> >[m[Kâ€™ and â€˜[01m[Kconst char [4][m[Kâ€™)
   68 |         transformed_goal = [01;36m[Ktf_buffer_.transform(*msg, "map", tf2::TimePointZero)[m[K;
      |                            [01;36m[K~~~~~~~~~~~~~~~~~~~~^~~~~~~~~~~~~~~~~~~~~~~~~~~~~~~~~[m[K
In file included from [01m[K/opt/ros/humble/include/tf2_ros/tf2_ros/buffer.h:42[m[K,
                 from [01m[K/home/jain/Documents/GitHub/VRX_NUMarine/src/vrx/ros_packages/my_navigation_pkg/src/pid_controller_node.cpp:8[m[K:
[01m[K/opt/ros/humble/include/tf2_ros/tf2_ros/buffer_interface.h:312:5:[m[K [01;36m[Knote: [m[Kcandidate: â€˜[01m[Ktemplate<class T> T tf2_ros::BufferInterface::transform(const T&, const string&, const TimePoint&, const string&, tf2::Duration) const[m[Kâ€™
  312 |   T [01;36m[Ktransform[m[K(
      |     [01;36m[K^~~~~~~~~[m[K
[01m[K/opt/ros/humble/include/tf2_ros/tf2_ros/buffer_interface.h:312:5:[m[K [01;36m[Knote: [m[K  template argument deduction/substitution failed:
[01m[K/home/jain/Documents/GitHub/VRX_NUMarine/src/vrx/ros_packages/my_navigation_pkg/src/pid_controller_node.cpp:68:48:[m[K [01;36m[Knote: [m[K  candidate expects 5 arguments, 3 provided
   68 |         transformed_goal = [01;36m[Ktf_buffer_.transform(*msg, "map", tf2::TimePointZero)[m[K;
      |                            [01;36m[K~~~~~~~~~~~~~~~~~~~~^~~~~~~~~~~~~~~~~~~~~~~~~~~~~~~~~[m[K
In file included from [01m[K/opt/ros/humble/include/tf2_ros/tf2_ros/buffer.h:42[m[K,
                 from [01m[K/home/jain/Documents/GitHub/VRX_NUMarine/src/vrx/ros_packages/my_navigation_pkg/src/pid_controller_node.cpp:8[m[K:
[01m[K/opt/ros/humble/include/tf2_ros/tf2_ros/buffer_interface.h:343:7:[m[K [01;36m[Knote: [m[Kcandidate: â€˜[01m[Ktemplate<class A, class B> B& tf2_ros::BufferInterface::transform(const A&, B&, const string&, const TimePoint&, const string&, tf2::Duration) const[m[Kâ€™
  343 |   B & [01;36m[Ktransform[m[K(
      |       [01;36m[K^~~~~~~~~[m[K
[01m[K/opt/ros/humble/include/tf2_ros/tf2_ros/buffer_interface.h:343:7:[m[K [01;36m[Knote: [m[K  template argument deduction/substitution failed:
[01m[K/home/jain/Documents/GitHub/VRX_NUMarine/src/vrx/ros_packages/my_navigation_pkg/src/pid_controller_node.cpp:68:48:[m[K [01;36m[Knote: [m[K  candidate expects 6 arguments, 3 provided
   68 |         transformed_goal = [01;36m[Ktf_buffer_.transform(*msg, "map", tf2::TimePointZero)[m[K;
      |                            [01;36m[K~~~~~~~~~~~~~~~~~~~~^~~~~~~~~~~~~~~~~~~~~~~~~~~~~~~~~[m[K
gmake[2]: *** [CMakeFiles/pid_controller_node.dir/build.make:76: CMakeFiles/pid_controller_node.dir/src/pid_controller_node.cpp.o] Error 1
gmake[1]: *** [CMakeFiles/Makefile2:165: CMakeFiles/pid_controller_node.dir/all] Error 2
gmake: *** [Makefile:146: all] Error 2
