[35m[1mConsolidate compiler generated dependencies of target goal_pose_controller[0m
[ 20%] Built target pid_controller_node
[ 30%] [32mBuilding CXX object CMakeFiles/goal_pose_controller.dir/src/goal_pose_controller.cpp.o[0m
[ 50%] Built target gps_to_ned_node
[ 70%] Built target goal_pose_listener
[ 90%] Built target goal_pose_broadcaster
[01m[K/home/jain/Documents/GitHub/VRX_NUMarine/src/vrx/ros_packages/my_navigation_pkg/src/goal_pose_controller.cpp:[m[K In member function â€˜[01m[Kvoid GoalPoseController::control_loop()[m[Kâ€™:
[01m[K/home/jain/Documents/GitHub/VRX_NUMarine/src/vrx/ros_packages/my_navigation_pkg/src/goal_pose_controller.cpp:53:29:[m[K [01;31m[Kerror: [m[Kâ€˜[01m[KgetYaw[m[Kâ€™ is not a member of â€˜[01m[Ktf2[m[Kâ€™
   53 |     double yaw_error = tf2::[01;31m[KgetYaw[m[K(relative_transform.getRotation());
      |                             [01;31m[K^~~~~~[m[K
gmake[2]: *** [CMakeFiles/goal_pose_controller.dir/build.make:76: CMakeFiles/goal_pose_controller.dir/src/goal_pose_controller.cpp.o] Error 1
gmake[1]: *** [CMakeFiles/Makefile2:249: CMakeFiles/goal_pose_controller.dir/all] Error 2
gmake: *** [Makefile:146: all] Error 2
