[0.046s] Invoking command in '/home/jain/Documents/GitHub/VRX_NUMarine/build/my_navigation_pkg': CMAKE_PREFIX_PATH=${CMAKE_PREFIX_PATH}:/opt/ros/humble /usr/bin/cmake --build /home/jain/Documents/GitHub/VRX_NUMarine/build/my_navigation_pkg -- -j8 -l8
[0.173s] [35m[1mConsolidate compiler generated dependencies of target goal_pose_controller[0m
[0.235s] [ 20%] Built target pid_controller_node
[0.246s] [ 30%] [32mBuilding CXX object CMakeFiles/goal_pose_controller.dir/src/goal_pose_controller.cpp.o[0m
[0.268s] [ 50%] Built target gps_to_ned_node
[0.278s] [ 70%] Built target goal_pose_listener
[0.293s] [ 90%] Built target goal_pose_broadcaster
[6.736s] [01m[K/home/jain/Documents/GitHub/VRX_NUMarine/src/vrx/ros_packages/my_navigation_pkg/src/goal_pose_controller.cpp:[m[K In member function â€˜[01m[Kvoid GoalPoseController::control_loop()[m[Kâ€™:
[6.737s] [01m[K/home/jain/Documents/GitHub/VRX_NUMarine/src/vrx/ros_packages/my_navigation_pkg/src/goal_pose_controller.cpp:53:29:[m[K [01;31m[Kerror: [m[Kâ€˜[01m[KgetYaw[m[Kâ€™ is not a member of â€˜[01m[Ktf2[m[Kâ€™
[6.737s]    53 |     double yaw_error = tf2::[01;31m[KgetYaw[m[K(relative_transform.getRotation());
[6.737s]       |                             [01;31m[K^~~~~~[m[K
[8.883s] gmake[2]: *** [CMakeFiles/goal_pose_controller.dir/build.make:76: CMakeFiles/goal_pose_controller.dir/src/goal_pose_controller.cpp.o] Error 1
[8.885s] gmake[1]: *** [CMakeFiles/Makefile2:249: CMakeFiles/goal_pose_controller.dir/all] Error 2
[8.885s] gmake: *** [Makefile:146: all] Error 2
[8.889s] Invoked command in '/home/jain/Documents/GitHub/VRX_NUMarine/build/my_navigation_pkg' returned '2': CMAKE_PREFIX_PATH=${CMAKE_PREFIX_PATH}:/opt/ros/humble /usr/bin/cmake --build /home/jain/Documents/GitHub/VRX_NUMarine/build/my_navigation_pkg -- -j8 -l8
