[0.079s] Invoking command in '/home/jain/Documents/GitHub/VRX_NUMarine/build/my_velocity_to_pwm': CMAKE_PREFIX_PATH=${CMAKE_PREFIX_PATH}:/opt/ros/humble /usr/bin/cmake --build /home/jain/Documents/GitHub/VRX_NUMarine/build/my_velocity_to_pwm -- -j8 -l8
[0.217s] [35m[1mConsolidate compiler generated dependencies of target velocity_to_pwm_node[0m
[0.249s] [ 50%] [32mBuilding CXX object CMakeFiles/velocity_to_pwm_node.dir/src/velocity_to_pwm_node.cpp.o[0m
[6.474s] [01m[K/home/jain/Documents/GitHub/VRX_NUMarine/src/vrx/ros_packages/my_velocity_to_pwm/src/velocity_to_pwm_node.cpp:[m[K In constructor â€˜[01m[KThrusterController::ThrusterController()[m[Kâ€™:
[6.474s] [01m[K/home/jain/Documents/GitHub/VRX_NUMarine/src/vrx/ros_packages/my_velocity_to_pwm/src/velocity_to_pwm_node.cpp:16:61:[m[K [01;31m[Kerror: [m[Kâ€˜[01m[KFloat64[m[Kâ€™ is not a member of â€˜[01m[Kstd_msgs::msg[m[Kâ€™; did you mean â€˜[01m[KFloat32[m[Kâ€™?
[6.474s]    16 |     stern_port_pub_ = this->create_publisher<std_msgs::msg::[01;31m[KFloat64[m[K>("/wamv/thrusters/stern_port/thrust", 10);
[6.474s]       |                                                             [01;31m[K^~~~~~~[m[K
[6.475s]       |                                                             [32m[KFloat32[m[K
[6.475s] [01m[K/home/jain/Documents/GitHub/VRX_NUMarine/src/vrx/ros_packages/my_velocity_to_pwm/src/velocity_to_pwm_node.cpp:16:69:[m[K [01;31m[Kerror: [m[Kno matching function for call to â€˜[01m[KThrusterController::create_publisher<<expression error> >(const char [34], int)[m[Kâ€™
[6.475s]    16 |     stern_port_pub_ = [01;31m[Kthis->create_publisher<std_msgs::msg::Float64>("/wamv/thrusters/stern_port/thrust", 10)[m[K;
[6.475s]       |                       [01;31m[K~~~~~~~~~~~~~~~~~~~~~~~~~~~~~~~~~~~~~~~~~~~~~~^~~~~~~~~~~~~~~~~~~~~~~~~~~~~~~~~~~~~~~~~[m[K
[6.475s] In file included from [01m[K/opt/ros/humble/include/rclcpp/rclcpp/executors/single_threaded_executor.hpp:28[m[K,
[6.475s]                  from [01m[K/opt/ros/humble/include/rclcpp/rclcpp/executors.hpp:22[m[K,
[6.476s]                  from [01m[K/opt/ros/humble/include/rclcpp/rclcpp/rclcpp.hpp:155[m[K,
[6.476s]                  from [01m[K/home/jain/Documents/GitHub/VRX_NUMarine/src/vrx/ros_packages/my_velocity_to_pwm/src/velocity_to_pwm_node.cpp:1[m[K:
[6.476s] [01m[K/opt/ros/humble/include/rclcpp/rclcpp/node.hpp:195:3:[m[K [01;36m[Knote: [m[Kcandidate: â€˜[01m[Ktemplate<class MessageT, class AllocatorT, class PublisherT> std::shared_ptr<PublisherT> rclcpp::Node::create_publisher(const string&, const rclcpp::QoS&, const rclcpp::PublisherOptionsWithAllocator<AllocatorT>&)[m[Kâ€™
[6.476s]   195 |   [01;36m[Kcreate_publisher[m[K(
[6.476s]       |   [01;36m[K^~~~~~~~~~~~~~~~[m[K
[6.476s] [01m[K/opt/ros/humble/include/rclcpp/rclcpp/node.hpp:195:3:[m[K [01;36m[Knote: [m[K  template argument deduction/substitution failed:
[6.477s] [01m[K/home/jain/Documents/GitHub/VRX_NUMarine/src/vrx/ros_packages/my_velocity_to_pwm/src/velocity_to_pwm_node.cpp:16:69:[m[K [01;31m[Kerror: [m[Ktemplate argument 1 is invalid
[6.477s]    16 |     stern_port_pub_ = [01;31m[Kthis->create_publisher<std_msgs::msg::Float64>("/wamv/thrusters/stern_port/thrust", 10)[m[K;
[6.477s]       |                       [01;31m[K~~~~~~~~~~~~~~~~~~~~~~~~~~~~~~~~~~~~~~~~~~~~~~^~~~~~~~~~~~~~~~~~~~~~~~~~~~~~~~~~~~~~~~~[m[K
[6.477s] [01m[K/home/jain/Documents/GitHub/VRX_NUMarine/src/vrx/ros_packages/my_velocity_to_pwm/src/velocity_to_pwm_node.cpp:17:61:[m[K [01;31m[Kerror: [m[Kâ€˜[01m[KFloat64[m[Kâ€™ is not a member of â€˜[01m[Kstd_msgs::msg[m[Kâ€™; did you mean â€˜[01m[KFloat32[m[Kâ€™?
[6.477s]    17 |     stern_star_pub_ = this->create_publisher<std_msgs::msg::[01;31m[KFloat64[m[K>("/wamv/thrusters/stern_star/thrust", 10);
[6.478s]       |                                                             [01;31m[K^~~~~~~[m[K
[6.478s]       |                                                             [32m[KFloat32[m[K
[6.480s] [01m[K/home/jain/Documents/GitHub/VRX_NUMarine/src/vrx/ros_packages/my_velocity_to_pwm/src/velocity_to_pwm_node.cpp:17:69:[m[K [01;31m[Kerror: [m[Kno matching function for call to â€˜[01m[KThrusterController::create_publisher<<expression error> >(const char [34], int)[m[Kâ€™
[6.481s]    17 |     stern_star_pub_ = [01;31m[Kthis->create_publisher<std_msgs::msg::Float64>("/wamv/thrusters/stern_star/thrust", 10)[m[K;
[6.481s]       |                       [01;31m[K~~~~~~~~~~~~~~~~~~~~~~~~~~~~~~~~~~~~~~~~~~~~~~^~~~~~~~~~~~~~~~~~~~~~~~~~~~~~~~~~~~~~~~~[m[K
[6.481s] In file included from [01m[K/opt/ros/humble/include/rclcpp/rclcpp/executors/single_threaded_executor.hpp:28[m[K,
[6.482s]                  from [01m[K/opt/ros/humble/include/rclcpp/rclcpp/executors.hpp:22[m[K,
[6.482s]                  from [01m[K/opt/ros/humble/include/rclcpp/rclcpp/rclcpp.hpp:155[m[K,
[6.482s]                  from [01m[K/home/jain/Documents/GitHub/VRX_NUMarine/src/vrx/ros_packages/my_velocity_to_pwm/src/velocity_to_pwm_node.cpp:1[m[K:
[6.483s] [01m[K/opt/ros/humble/include/rclcpp/rclcpp/node.hpp:195:3:[m[K [01;36m[Knote: [m[Kcandidate: â€˜[01m[Ktemplate<class MessageT, class AllocatorT, class PublisherT> std::shared_ptr<PublisherT> rclcpp::Node::create_publisher(const string&, const rclcpp::QoS&, const rclcpp::PublisherOptionsWithAllocator<AllocatorT>&)[m[Kâ€™
[6.483s]   195 |   [01;36m[Kcreate_publisher[m[K(
[6.483s]       |   [01;36m[K^~~~~~~~~~~~~~~~[m[K
[6.483s] [01m[K/opt/ros/humble/include/rclcpp/rclcpp/node.hpp:195:3:[m[K [01;36m[Knote: [m[K  template argument deduction/substitution failed:
[6.486s] [01m[K/home/jain/Documents/GitHub/VRX_NUMarine/src/vrx/ros_packages/my_velocity_to_pwm/src/velocity_to_pwm_node.cpp:17:69:[m[K [01;31m[Kerror: [m[Ktemplate argument 1 is invalid
[6.486s]    17 |     stern_star_pub_ = [01;31m[Kthis->create_publisher<std_msgs::msg::Float64>("/wamv/thrusters/stern_star/thrust", 10)[m[K;
[6.486s]       |                       [01;31m[K~~~~~~~~~~~~~~~~~~~~~~~~~~~~~~~~~~~~~~~~~~~~~~^~~~~~~~~~~~~~~~~~~~~~~~~~~~~~~~~~~~~~~~~[m[K
[6.486s] [01m[K/home/jain/Documents/GitHub/VRX_NUMarine/src/vrx/ros_packages/my_velocity_to_pwm/src/velocity_to_pwm_node.cpp:18:59:[m[K [01;31m[Kerror: [m[Kâ€˜[01m[KFloat64[m[Kâ€™ is not a member of â€˜[01m[Kstd_msgs::msg[m[Kâ€™; did you mean â€˜[01m[KFloat32[m[Kâ€™?
[6.486s]    18 |     bow_port_pub_ = this->create_publisher<std_msgs::msg::[01;31m[KFloat64[m[K>("/wamv/thrusters/bow_port/thrust", 10);
[6.487s]       |                                                           [01;31m[K^~~~~~~[m[K
[6.487s]       |                                                           [32m[KFloat32[m[K
[6.487s] [01m[K/home/jain/Documents/GitHub/VRX_NUMarine/src/vrx/ros_packages/my_velocity_to_pwm/src/velocity_to_pwm_node.cpp:18:67:[m[K [01;31m[Kerror: [m[Kno matching function for call to â€˜[01m[KThrusterController::create_publisher<<expression error> >(const char [32], int)[m[Kâ€™
[6.487s]    18 |     bow_port_pub_ = [01;31m[Kthis->create_publisher<std_msgs::msg::Float64>("/wamv/thrusters/bow_port/thrust", 10)[m[K;
[6.487s]       |                     [01;31m[K~~~~~~~~~~~~~~~~~~~~~~~~~~~~~~~~~~~~~~~~~~~~~~^~~~~~~~~~~~~~~~~~~~~~~~~~~~~~~~~~~~~~~[m[K
[6.487s] In file included from [01m[K/opt/ros/humble/include/rclcpp/rclcpp/executors/single_threaded_executor.hpp:28[m[K,
[6.488s]                  from [01m[K/opt/ros/humble/include/rclcpp/rclcpp/executors.hpp:22[m[K,
[6.488s]                  from [01m[K/opt/ros/humble/include/rclcpp/rclcpp/rclcpp.hpp:155[m[K,
[6.488s]                  from [01m[K/home/jain/Documents/GitHub/VRX_NUMarine/src/vrx/ros_packages/my_velocity_to_pwm/src/velocity_to_pwm_node.cpp:1[m[K:
[6.488s] [01m[K/opt/ros/humble/include/rclcpp/rclcpp/node.hpp:195:3:[m[K [01;36m[Knote: [m[Kcandidate: â€˜[01m[Ktemplate<class MessageT, class AllocatorT, class PublisherT> std::shared_ptr<PublisherT> rclcpp::Node::create_publisher(const string&, const rclcpp::QoS&, const rclcpp::PublisherOptionsWithAllocator<AllocatorT>&)[m[Kâ€™
[6.488s]   195 |   [01;36m[Kcreate_publisher[m[K(
[6.489s]       |   [01;36m[K^~~~~~~~~~~~~~~~[m[K
[6.489s] [01m[K/opt/ros/humble/include/rclcpp/rclcpp/node.hpp:195:3:[m[K [01;36m[Knote: [m[K  template argument deduction/substitution failed:
[6.489s] [01m[K/home/jain/Documents/GitHub/VRX_NUMarine/src/vrx/ros_packages/my_velocity_to_pwm/src/velocity_to_pwm_node.cpp:18:67:[m[K [01;31m[Kerror: [m[Ktemplate argument 1 is invalid
[6.489s]    18 |     bow_port_pub_ = [01;31m[Kthis->create_publisher<std_msgs::msg::Float64>("/wamv/thrusters/bow_port/thrust", 10)[m[K;
[6.489s]       |                     [01;31m[K~~~~~~~~~~~~~~~~~~~~~~~~~~~~~~~~~~~~~~~~~~~~~~^~~~~~~~~~~~~~~~~~~~~~~~~~~~~~~~~~~~~~~[m[K
[6.489s] [01m[K/home/jain/Documents/GitHub/VRX_NUMarine/src/vrx/ros_packages/my_velocity_to_pwm/src/velocity_to_pwm_node.cpp:19:59:[m[K [01;31m[Kerror: [m[Kâ€˜[01m[KFloat64[m[Kâ€™ is not a member of â€˜[01m[Kstd_msgs::msg[m[Kâ€™; did you mean â€˜[01m[KFloat32[m[Kâ€™?
[6.490s]    19 |     bow_star_pub_ = this->create_publisher<std_msgs::msg::[01;31m[KFloat64[m[K>("/wamv/thrusters/bow_star/thrust", 10);
[6.490s]       |                                                           [01;31m[K^~~~~~~[m[K
[6.490s]       |                                                           [32m[KFloat32[m[K
[6.490s] [01m[K/home/jain/Documents/GitHub/VRX_NUMarine/src/vrx/ros_packages/my_velocity_to_pwm/src/velocity_to_pwm_node.cpp:19:67:[m[K [01;31m[Kerror: [m[Kno matching function for call to â€˜[01m[KThrusterController::create_publisher<<expression error> >(const char [32], int)[m[Kâ€™
[6.490s]    19 |     bow_star_pub_ = [01;31m[Kthis->create_publisher<std_msgs::msg::Float64>("/wamv/thrusters/bow_star/thrust", 10)[m[K;
[6.490s]       |                     [01;31m[K~~~~~~~~~~~~~~~~~~~~~~~~~~~~~~~~~~~~~~~~~~~~~~^~~~~~~~~~~~~~~~~~~~~~~~~~~~~~~~~~~~~~~[m[K
[6.491s] In file included from [01m[K/opt/ros/humble/include/rclcpp/rclcpp/executors/single_threaded_executor.hpp:28[m[K,
[6.491s]                  from [01m[K/opt/ros/humble/include/rclcpp/rclcpp/executors.hpp:22[m[K,
[6.491s]                  from [01m[K/opt/ros/humble/include/rclcpp/rclcpp/rclcpp.hpp:155[m[K,
[6.491s]                  from [01m[K/home/jain/Documents/GitHub/VRX_NUMarine/src/vrx/ros_packages/my_velocity_to_pwm/src/velocity_to_pwm_node.cpp:1[m[K:
[6.491s] [01m[K/opt/ros/humble/include/rclcpp/rclcpp/node.hpp:195:3:[m[K [01;36m[Knote: [m[Kcandidate: â€˜[01m[Ktemplate<class MessageT, class AllocatorT, class PublisherT> std::shared_ptr<PublisherT> rclcpp::Node::create_publisher(const string&, const rclcpp::QoS&, const rclcpp::PublisherOptionsWithAllocator<AllocatorT>&)[m[Kâ€™
[6.491s]   195 |   [01;36m[Kcreate_publisher[m[K(
[6.492s]       |   [01;36m[K^~~~~~~~~~~~~~~~[m[K
[6.492s] [01m[K/opt/ros/humble/include/rclcpp/rclcpp/node.hpp:195:3:[m[K [01;36m[Knote: [m[K  template argument deduction/substitution failed:
[6.492s] [01m[K/home/jain/Documents/GitHub/VRX_NUMarine/src/vrx/ros_packages/my_velocity_to_pwm/src/velocity_to_pwm_node.cpp:19:67:[m[K [01;31m[Kerror: [m[Ktemplate argument 1 is invalid
[6.492s]    19 |     bow_star_pub_ = [01;31m[Kthis->create_publisher<std_msgs::msg::Float64>("/wamv/thrusters/bow_star/thrust", 10)[m[K;
[6.492s]       |                     [01;31m[K~~~~~~~~~~~~~~~~~~~~~~~~~~~~~~~~~~~~~~~~~~~~~~^~~~~~~~~~~~~~~~~~~~~~~~~~~~~~~~~~~~~~~[m[K
[12.282s] gmake[2]: *** [CMakeFiles/velocity_to_pwm_node.dir/build.make:76: CMakeFiles/velocity_to_pwm_node.dir/src/velocity_to_pwm_node.cpp.o] Error 1
[12.283s] gmake[1]: *** [CMakeFiles/Makefile2:137: CMakeFiles/velocity_to_pwm_node.dir/all] Error 2
[12.283s] gmake: *** [Makefile:146: all] Error 2
[12.286s] Invoked command in '/home/jain/Documents/GitHub/VRX_NUMarine/build/my_velocity_to_pwm' returned '2': CMAKE_PREFIX_PATH=${CMAKE_PREFIX_PATH}:/opt/ros/humble /usr/bin/cmake --build /home/jain/Documents/GitHub/VRX_NUMarine/build/my_velocity_to_pwm -- -j8 -l8
