[0.026s] Invoking command in '/home/jain/Documents/GitHub/VRX_NUMarine/build/my_navigation_pkg': CMAKE_PREFIX_PATH=${CMAKE_PREFIX_PATH}:/opt/ros/humble /usr/bin/cmake --build /home/jain/Documents/GitHub/VRX_NUMarine/build/my_navigation_pkg -- -j8 -l8
[0.103s] [ 50%] [32mBuilding CXX object CMakeFiles/gps_to_ned_node.dir/src/gps_to_ned_node.cpp.o[0m
[0.118s] [01m[K/home/jain/Documents/GitHub/VRX_NUMarine/src/vrx/ros_packages/my_navigation_pkg/src/gps_to_ned_node.cpp:1:10:[m[K [01;31m[Kfatal error: [m[Kmy_navigation_pkg/gps_to_ned.hpp: No such file or directory
[0.119s]     1 | #include [01;31m[K"my_navigation_pkg/gps_to_ned.hpp"[m[K
[0.119s]       |          [01;31m[K^~~~~~~~~~~~~~~~~~~~~~~~~~~~~~~~~~[m[K
[0.119s] compilation terminated.
[0.120s] gmake[2]: *** [CMakeFiles/gps_to_ned_node.dir/build.make:76: CMakeFiles/gps_to_ned_node.dir/src/gps_to_ned_node.cpp.o] Error 1
[0.120s] gmake[1]: *** [CMakeFiles/Makefile2:137: CMakeFiles/gps_to_ned_node.dir/all] Error 2
[0.120s] gmake: *** [Makefile:146: all] Error 2
[0.122s] Invoked command in '/home/jain/Documents/GitHub/VRX_NUMarine/build/my_navigation_pkg' returned '2': CMAKE_PREFIX_PATH=${CMAKE_PREFIX_PATH}:/opt/ros/humble /usr/bin/cmake --build /home/jain/Documents/GitHub/VRX_NUMarine/build/my_navigation_pkg -- -j8 -l8
