[35m[1mConsolidate compiler generated dependencies of target velocity_to_pwm_node[0m
[ 50%] [32mBuilding CXX object CMakeFiles/velocity_to_pwm_node.dir/src/velocity_to_pwm_node.cpp.o[0m
In file included from [01m[K/opt/ros/humble/include/rclcpp/rclcpp/logging.hpp:24[m[K,
                 from [01m[K/opt/ros/humble/include/rclcpp/rclcpp/client.hpp:40[m[K,
                 from [01m[K/opt/ros/humble/include/rclcpp/rclcpp/callback_group.hpp:24[m[K,
                 from [01m[K/opt/ros/humble/include/rclcpp/rclcpp/any_executable.hpp:20[m[K,
                 from [01m[K/opt/ros/humble/include/rclcpp/rclcpp/memory_strategy.hpp:25[m[K,
                 from [01m[K/opt/ros/humble/include/rclcpp/rclcpp/memory_strategies.hpp:18[m[K,
                 from [01m[K/opt/ros/humble/include/rclcpp/rclcpp/executor_options.hpp:20[m[K,
                 from [01m[K/opt/ros/humble/include/rclcpp/rclcpp/executor.hpp:37[m[K,
                 from [01m[K/opt/ros/humble/include/rclcpp/rclcpp/executors/multi_threaded_executor.hpp:25[m[K,
                 from [01m[K/opt/ros/humble/include/rclcpp/rclcpp/executors.hpp:21[m[K,
                 from [01m[K/opt/ros/humble/include/rclcpp/rclcpp/rclcpp.hpp:155[m[K,
                 from [01m[K/home/jain/Documents/GitHub/VRX_NUMarine/src/vrx/ros_packages/my_velocity_to_pwm/src/velocity_to_pwm_node.cpp:1[m[K:
[01m[K/home/jain/Documents/GitHub/VRX_NUMarine/src/vrx/ros_packages/my_velocity_to_pwm/src/velocity_to_pwm_node.cpp:[m[K In member function â€˜[01m[Kvoid VelocityToPWMNode::cmdVelCallback(geometry_msgs::msg::Twist_<std::allocator<void> >::SharedPtr)[m[Kâ€™:
[01m[K/home/jain/Documents/GitHub/VRX_NUMarine/src/vrx/ros_packages/my_velocity_to_pwm/src/velocity_to_pwm_node.cpp:52:94:[m[K [01;31m[Kerror: [m[Kâ€˜[01m[Kstern_port_thrust[m[Kâ€™ was not declared in this scope; did you mean â€˜[01m[Kbow_port_thrust[m[Kâ€™?
   52 |         RCLCPP_INFO(this->get_logger(), "Stern Port thrust: %f, Stern Starboard thrust: %f", [01;31m[Kstern_port_thrust[m[K, stern_star_thrust);
      |                                                                                              [01;31m[K^~~~~~~~~~~~~~~~~[m[K
[01m[K/home/jain/Documents/GitHub/VRX_NUMarine/src/vrx/ros_packages/my_velocity_to_pwm/src/velocity_to_pwm_node.cpp:52:113:[m[K [01;31m[Kerror: [m[Kâ€˜[01m[Kstern_star_thrust[m[Kâ€™ was not declared in this scope; did you mean â€˜[01m[Kbow_star_thrust[m[Kâ€™?
   52 |         RCLCPP_INFO(this->get_logger(), "Stern Port thrust: %f, Stern Starboard thrust: %f", stern_port_thrust, [01;31m[Kstern_star_thrust[m[K);
      |                                                                                                                 [01;31m[K^~~~~~~~~~~~~~~~~[m[K
gmake[2]: *** [CMakeFiles/velocity_to_pwm_node.dir/build.make:76: CMakeFiles/velocity_to_pwm_node.dir/src/velocity_to_pwm_node.cpp.o] Error 1
gmake[1]: *** [CMakeFiles/Makefile2:137: CMakeFiles/velocity_to_pwm_node.dir/all] Error 2
gmake: *** [Makefile:146: all] Error 2
