[0.047s] Invoking command in '/home/jain/Documents/GitHub/VRX_NUMarine/build/my_navigation_pkg': CMAKE_PREFIX_PATH=${CMAKE_PREFIX_PATH}:/opt/ros/humble /usr/bin/cmake --build /home/jain/Documents/GitHub/VRX_NUMarine/build/my_navigation_pkg -- -j8 -l8
[0.200s] [ 20%] Built target gps_to_ned_node
[0.240s] [35m[1mConsolidate compiler generated dependencies of target goal_pose_controller[0m
[0.308s] [ 30%] [32mBuilding CXX object CMakeFiles/goal_pose_controller.dir/src/goal_pose_controller.cpp.o[0m
[5.953s] [01m[K/home/jain/Documents/GitHub/VRX_NUMarine/src/vrx/ros_packages/my_navigation_pkg/src/goal_pose_controller.cpp:[m[K In member function â€˜[01m[Kvoid GoalPoseController::control_loop()[m[Kâ€™:
[5.953s] [01m[K/home/jain/Documents/GitHub/VRX_NUMarine/src/vrx/ros_packages/my_navigation_pkg/src/goal_pose_controller.cpp:53:29:[m[K [01;31m[Kerror: [m[Kâ€˜[01m[KgetYaw[m[Kâ€™ is not a member of â€˜[01m[Ktf2[m[Kâ€™
[5.954s]    53 |     double yaw_error = tf2::[01;31m[KgetYaw[m[K(relative_transform.getRotation());
[5.954s]       |                             [01;31m[K^~~~~~[m[K
[7.761s] gmake[2]: *** [CMakeFiles/goal_pose_controller.dir/build.make:76: CMakeFiles/goal_pose_controller.dir/src/goal_pose_controller.cpp.o] Error 1
[7.761s] gmake[1]: *** [CMakeFiles/Makefile2:249: CMakeFiles/goal_pose_controller.dir/all] Error 2
[7.762s] gmake: *** [Makefile:146: all] Error 2
[7.765s] Invoked command in '/home/jain/Documents/GitHub/VRX_NUMarine/build/my_navigation_pkg' returned '2': CMAKE_PREFIX_PATH=${CMAKE_PREFIX_PATH}:/opt/ros/humble /usr/bin/cmake --build /home/jain/Documents/GitHub/VRX_NUMarine/build/my_navigation_pkg -- -j8 -l8
