[0.026s] Invoking command in '/home/jain/Documents/GitHub/VRX_NUMarine/build/my_navigation_pkg': CMAKE_PREFIX_PATH=${CMAKE_PREFIX_PATH}:/opt/ros/humble /usr/bin/cmake --build /home/jain/Documents/GitHub/VRX_NUMarine/build/my_navigation_pkg -- -j8 -l8
[0.053s] -- Found ament_cmake: 1.3.9 (/opt/ros/humble/share/ament_cmake/cmake)
[0.217s] -- Found rclcpp: 16.0.9 (/opt/ros/humble/share/rclcpp/cmake)
[0.267s] -- Found rosidl_generator_c: 3.1.5 (/opt/ros/humble/share/rosidl_generator_c/cmake)
[0.271s] -- Found rosidl_adapter: 3.1.5 (/opt/ros/humble/share/rosidl_adapter/cmake)
[0.280s] -- Found rosidl_generator_cpp: 3.1.5 (/opt/ros/humble/share/rosidl_generator_cpp/cmake)
[0.295s] -- Using all available rosidl_typesupport_c: rosidl_typesupport_fastrtps_c;rosidl_typesupport_introspection_c
[0.331s] -- Using all available rosidl_typesupport_cpp: rosidl_typesupport_fastrtps_cpp;rosidl_typesupport_introspection_cpp
[0.474s] -- Found rmw_implementation_cmake: 6.1.2 (/opt/ros/humble/share/rmw_implementation_cmake/cmake)
[0.477s] -- Found rmw_fastrtps_cpp: 6.2.6 (/opt/ros/humble/share/rmw_fastrtps_cpp/cmake)
[0.625s] -- Using RMW implementation 'rmw_fastrtps_cpp' as default
[0.852s] -- Found sensor_msgs: 4.2.4 (/opt/ros/humble/share/sensor_msgs/cmake)
[1.042s] -- Found nav2_core: 1.1.15 (/opt/ros/humble/share/nav2_core/cmake)
[2.228s] -- Ensuring Eigen3 include directory is part of orocos-kdl CMake target
[4.245s] -- Found nav2_mppi_controller: 1.1.15 (/opt/ros/humble/share/nav2_mppi_controller/cmake)
[6.737s] -- Found ament_lint_auto: 0.12.11 (/opt/ros/humble/share/ament_lint_auto/cmake)
[6.825s] -- Added test 'cppcheck' to perform static code analysis on C / C++ code
[6.825s] -- Configured cppcheck include dirs: /home/jain/Documents/GitHub/VRX_NUMarine/src/vrx/ros_packages/my_navigation_pkg/include
[6.825s] -- Configured cppcheck exclude dirs and/or files: 
[6.826s] -- Added test 'flake8' to check Python code syntax and style conventions
[6.826s] -- Added test 'lint_cmake' to check CMake code style
[6.826s] -- Added test 'pep257' to check Python code against some of the docstring style conventions in PEP 257
[6.828s] -- Added test 'uncrustify' to check C / C++ code style
[6.828s] -- Configured uncrustify additional arguments: 
[6.828s] -- Added test 'xmllint' to check XML markup files
[6.829s] -- Configuring done
[6.843s] -- Generating done
[6.846s] -- Build files have been written to: /home/jain/Documents/GitHub/VRX_NUMarine/build/my_navigation_pkg
[6.880s] [35m[1mConsolidate compiler generated dependencies of target gps_to_ned_node[0m
[6.901s] [ 50%] [32mBuilding CXX object CMakeFiles/gps_to_ned_node.dir/src/gps_to_ned_node.cpp.o[0m
[7.192s] [01m[K/home/jain/Documents/GitHub/VRX_NUMarine/src/vrx/ros_packages/my_navigation_pkg/src/gps_to_ned_node.cpp:95:10:[m[K [01;31m[Kfatal error: [m[Krclcpp_components/register_node_macro.hpp: No such file or directory
[7.192s]    95 | #include [01;31m[K"rclcpp_components/register_node_macro.hpp"[m[K
[7.192s]       |          [01;31m[K^~~~~~~~~~~~~~~~~~~~~~~~~~~~~~~~~~~~~~~~~~~[m[K
[7.192s] compilation terminated.
[7.195s] gmake[2]: *** [CMakeFiles/gps_to_ned_node.dir/build.make:76: CMakeFiles/gps_to_ned_node.dir/src/gps_to_ned_node.cpp.o] Error 1
[7.195s] gmake[1]: *** [CMakeFiles/Makefile2:137: CMakeFiles/gps_to_ned_node.dir/all] Error 2
[7.195s] gmake: *** [Makefile:146: all] Error 2
[7.199s] Invoked command in '/home/jain/Documents/GitHub/VRX_NUMarine/build/my_navigation_pkg' returned '2': CMAKE_PREFIX_PATH=${CMAKE_PREFIX_PATH}:/opt/ros/humble /usr/bin/cmake --build /home/jain/Documents/GitHub/VRX_NUMarine/build/my_navigation_pkg -- -j8 -l8
