[35m[1mConsolidate compiler generated dependencies of target velocity_to_pwm_node[0m
[ 50%] [32mBuilding CXX object CMakeFiles/velocity_to_pwm_node.dir/src/velocity_to_pwm_node.cpp.o[0m
[01m[K/home/jain/Documents/GitHub/VRX_NUMarine/src/vrx/ros_packages/my_velocity_to_pwm/src/velocity_to_pwm_node.cpp:48:55:[m[K [01;31m[Kerror: [m[Kâ€˜[01m[KFloat32[m[Kâ€™ is not a member of â€˜[01m[Kstd_msgs::msg[m[Kâ€™; did you mean â€˜[01m[KFloat64[m[Kâ€™?
   48 |   void publishThrust(rclcpp::Publisher<std_msgs::msg::[01;31m[KFloat32[m[K>::SharedPtr publisher, double thrust)
      |                                                       [01;31m[K^~~~~~~[m[K
      |                                                       [32m[KFloat64[m[K
[01m[K/home/jain/Documents/GitHub/VRX_NUMarine/src/vrx/ros_packages/my_velocity_to_pwm/src/velocity_to_pwm_node.cpp:48:62:[m[K [01;31m[Kerror: [m[Ktemplate argument 1 is invalid
   48 |   void publishThrust(rclcpp::Publisher<std_msgs::msg::Float32[01;31m[K>[m[K::SharedPtr publisher, double thrust)
      |                                                              [01;31m[K^[m[K
[01m[K/home/jain/Documents/GitHub/VRX_NUMarine/src/vrx/ros_packages/my_velocity_to_pwm/src/velocity_to_pwm_node.cpp:48:75:[m[K [01;31m[Kerror: [m[Kexpected â€˜[01m[K,[m[Kâ€™ or â€˜[01m[K...[m[Kâ€™ before â€˜[01m[Kpublisher[m[Kâ€™
   48 |   void publishThrust(rclcpp::Publisher<std_msgs::msg::Float32>::SharedPtr [01;31m[Kpublisher[m[K, double thrust)
      |                                                                           [01;31m[K^~~~~~~~~[m[K
[01m[K/home/jain/Documents/GitHub/VRX_NUMarine/src/vrx/ros_packages/my_velocity_to_pwm/src/velocity_to_pwm_node.cpp:57:36:[m[K [01;31m[Kerror: [m[Kâ€˜[01m[KFloat32[m[Kâ€™ is not a member of â€˜[01m[Kstd_msgs::msg[m[Kâ€™; did you mean â€˜[01m[KFloat64[m[Kâ€™?
   57 |   rclcpp::Publisher<std_msgs::msg::[01;31m[KFloat32[m[K>::SharedPtr stern_port_pub_;
      |                                    [01;31m[K^~~~~~~[m[K
      |                                    [32m[KFloat64[m[K
[01m[K/home/jain/Documents/GitHub/VRX_NUMarine/src/vrx/ros_packages/my_velocity_to_pwm/src/velocity_to_pwm_node.cpp:57:43:[m[K [01;31m[Kerror: [m[Ktemplate argument 1 is invalid
   57 |   rclcpp::Publisher<std_msgs::msg::Float32[01;31m[K>[m[K::SharedPtr stern_port_pub_;
      |                                           [01;31m[K^[m[K
[01m[K/home/jain/Documents/GitHub/VRX_NUMarine/src/vrx/ros_packages/my_velocity_to_pwm/src/velocity_to_pwm_node.cpp:57:46:[m[K [01;31m[Kerror: [m[Kexpected â€˜[01m[K;[m[Kâ€™ at end of member declaration
   57 |   rclcpp::Publisher<std_msgs::msg::Float32>::[01;31m[KSharedPtr[m[K stern_port_pub_;
      |                                              [01;31m[K^~~~~~~~~[m[K
      |                                                       [32m[K;[m[K
[01m[K/home/jain/Documents/GitHub/VRX_NUMarine/src/vrx/ros_packages/my_velocity_to_pwm/src/velocity_to_pwm_node.cpp:57:56:[m[K [01;31m[Kerror: [m[Kâ€˜[01m[Kstern_port_pub_[m[Kâ€™ does not name a type
   57 |   rclcpp::Publisher<std_msgs::msg::Float32>::SharedPtr [01;31m[Kstern_port_pub_[m[K;
      |                                                        [01;31m[K^~~~~~~~~~~~~~~[m[K
[01m[K/home/jain/Documents/GitHub/VRX_NUMarine/src/vrx/ros_packages/my_velocity_to_pwm/src/velocity_to_pwm_node.cpp:58:36:[m[K [01;31m[Kerror: [m[Kâ€˜[01m[KFloat32[m[Kâ€™ is not a member of â€˜[01m[Kstd_msgs::msg[m[Kâ€™; did you mean â€˜[01m[KFloat64[m[Kâ€™?
   58 |   rclcpp::Publisher<std_msgs::msg::[01;31m[KFloat32[m[K>::SharedPtr stern_star_pub_;
      |                                    [01;31m[K^~~~~~~[m[K
      |                                    [32m[KFloat64[m[K
[01m[K/home/jain/Documents/GitHub/VRX_NUMarine/src/vrx/ros_packages/my_velocity_to_pwm/src/velocity_to_pwm_node.cpp:58:43:[m[K [01;31m[Kerror: [m[Ktemplate argument 1 is invalid
   58 |   rclcpp::Publisher<std_msgs::msg::Float32[01;31m[K>[m[K::SharedPtr stern_star_pub_;
      |                                           [01;31m[K^[m[K
[01m[K/home/jain/Documents/GitHub/VRX_NUMarine/src/vrx/ros_packages/my_velocity_to_pwm/src/velocity_to_pwm_node.cpp:58:46:[m[K [01;31m[Kerror: [m[Kexpected â€˜[01m[K;[m[Kâ€™ at end of member declaration
   58 |   rclcpp::Publisher<std_msgs::msg::Float32>::[01;31m[KSharedPtr[m[K stern_star_pub_;
      |                                              [01;31m[K^~~~~~~~~[m[K
      |                                                       [32m[K;[m[K
[01m[K/home/jain/Documents/GitHub/VRX_NUMarine/src/vrx/ros_packages/my_velocity_to_pwm/src/velocity_to_pwm_node.cpp:58:46:[m[K [01;31m[Kerror: [m[Kredeclaration of â€˜[01m[Kint ThrusterController::SharedPtr[m[Kâ€™
[01m[K/home/jain/Documents/GitHub/VRX_NUMarine/src/vrx/ros_packages/my_velocity_to_pwm/src/velocity_to_pwm_node.cpp:57:46:[m[K [01;36m[Knote: [m[Kprevious declaration â€˜[01m[Kint ThrusterController::SharedPtr[m[Kâ€™
   57 |   rclcpp::Publisher<std_msgs::msg::Float32>::[01;36m[KSharedPtr[m[K stern_port_pub_;
      |                                              [01;36m[K^~~~~~~~~[m[K
[01m[K/home/jain/Documents/GitHub/VRX_NUMarine/src/vrx/ros_packages/my_velocity_to_pwm/src/velocity_to_pwm_node.cpp:58:56:[m[K [01;31m[Kerror: [m[Kâ€˜[01m[Kstern_star_pub_[m[Kâ€™ does not name a type
   58 |   rclcpp::Publisher<std_msgs::msg::Float32>::SharedPtr [01;31m[Kstern_star_pub_[m[K;
      |                                                        [01;31m[K^~~~~~~~~~~~~~~[m[K
[01m[K/home/jain/Documents/GitHub/VRX_NUMarine/src/vrx/ros_packages/my_velocity_to_pwm/src/velocity_to_pwm_node.cpp:59:36:[m[K [01;31m[Kerror: [m[Kâ€˜[01m[KFloat32[m[Kâ€™ is not a member of â€˜[01m[Kstd_msgs::msg[m[Kâ€™; did you mean â€˜[01m[KFloat64[m[Kâ€™?
   59 |   rclcpp::Publisher<std_msgs::msg::[01;31m[KFloat32[m[K>::SharedPtr bow_port_pub_;
      |                                    [01;31m[K^~~~~~~[m[K
      |                                    [32m[KFloat64[m[K
[01m[K/home/jain/Documents/GitHub/VRX_NUMarine/src/vrx/ros_packages/my_velocity_to_pwm/src/velocity_to_pwm_node.cpp:59:43:[m[K [01;31m[Kerror: [m[Ktemplate argument 1 is invalid
   59 |   rclcpp::Publisher<std_msgs::msg::Float32[01;31m[K>[m[K::SharedPtr bow_port_pub_;
      |                                           [01;31m[K^[m[K
[01m[K/home/jain/Documents/GitHub/VRX_NUMarine/src/vrx/ros_packages/my_velocity_to_pwm/src/velocity_to_pwm_node.cpp:59:46:[m[K [01;31m[Kerror: [m[Kexpected â€˜[01m[K;[m[Kâ€™ at end of member declaration
   59 |   rclcpp::Publisher<std_msgs::msg::Float32>::[01;31m[KSharedPtr[m[K bow_port_pub_;
      |                                              [01;31m[K^~~~~~~~~[m[K
      |                                                       [32m[K;[m[K
[01m[K/home/jain/Documents/GitHub/VRX_NUMarine/src/vrx/ros_packages/my_velocity_to_pwm/src/velocity_to_pwm_node.cpp:59:46:[m[K [01;31m[Kerror: [m[Kredeclaration of â€˜[01m[Kint ThrusterController::SharedPtr[m[Kâ€™
[01m[K/home/jain/Documents/GitHub/VRX_NUMarine/src/vrx/ros_packages/my_velocity_to_pwm/src/velocity_to_pwm_node.cpp:57:46:[m[K [01;36m[Knote: [m[Kprevious declaration â€˜[01m[Kint ThrusterController::SharedPtr[m[Kâ€™
   57 |   rclcpp::Publisher<std_msgs::msg::Float32>::[01;36m[KSharedPtr[m[K stern_port_pub_;
      |                                              [01;36m[K^~~~~~~~~[m[K
[01m[K/home/jain/Documents/GitHub/VRX_NUMarine/src/vrx/ros_packages/my_velocity_to_pwm/src/velocity_to_pwm_node.cpp:59:56:[m[K [01;31m[Kerror: [m[Kâ€˜[01m[Kbow_port_pub_[m[Kâ€™ does not name a type
   59 |   rclcpp::Publisher<std_msgs::msg::Float32>::SharedPtr [01;31m[Kbow_port_pub_[m[K;
      |                                                        [01;31m[K^~~~~~~~~~~~~[m[K
[01m[K/home/jain/Documents/GitHub/VRX_NUMarine/src/vrx/ros_packages/my_velocity_to_pwm/src/velocity_to_pwm_node.cpp:60:36:[m[K [01;31m[Kerror: [m[Kâ€˜[01m[KFloat32[m[Kâ€™ is not a member of â€˜[01m[Kstd_msgs::msg[m[Kâ€™; did you mean â€˜[01m[KFloat64[m[Kâ€™?
   60 |   rclcpp::Publisher<std_msgs::msg::[01;31m[KFloat32[m[K>::SharedPtr bow_star_pub_;
      |                                    [01;31m[K^~~~~~~[m[K
      |                                    [32m[KFloat64[m[K
[01m[K/home/jain/Documents/GitHub/VRX_NUMarine/src/vrx/ros_packages/my_velocity_to_pwm/src/velocity_to_pwm_node.cpp:60:43:[m[K [01;31m[Kerror: [m[Ktemplate argument 1 is invalid
   60 |   rclcpp::Publisher<std_msgs::msg::Float32[01;31m[K>[m[K::SharedPtr bow_star_pub_;
      |                                           [01;31m[K^[m[K
[01m[K/home/jain/Documents/GitHub/VRX_NUMarine/src/vrx/ros_packages/my_velocity_to_pwm/src/velocity_to_pwm_node.cpp:60:46:[m[K [01;31m[Kerror: [m[Kexpected â€˜[01m[K;[m[Kâ€™ at end of member declaration
   60 |   rclcpp::Publisher<std_msgs::msg::Float32>::[01;31m[KSharedPtr[m[K bow_star_pub_;
      |                                              [01;31m[K^~~~~~~~~[m[K
      |                                                       [32m[K;[m[K
[01m[K/home/jain/Documents/GitHub/VRX_NUMarine/src/vrx/ros_packages/my_velocity_to_pwm/src/velocity_to_pwm_node.cpp:60:46:[m[K [01;31m[Kerror: [m[Kredeclaration of â€˜[01m[Kint ThrusterController::SharedPtr[m[Kâ€™
[01m[K/home/jain/Documents/GitHub/VRX_NUMarine/src/vrx/ros_packages/my_velocity_to_pwm/src/velocity_to_pwm_node.cpp:57:46:[m[K [01;36m[Knote: [m[Kprevious declaration â€˜[01m[Kint ThrusterController::SharedPtr[m[Kâ€™
   57 |   rclcpp::Publisher<std_msgs::msg::Float32>::[01;36m[KSharedPtr[m[K stern_port_pub_;
      |                                              [01;36m[K^~~~~~~~~[m[K
[01m[K/home/jain/Documents/GitHub/VRX_NUMarine/src/vrx/ros_packages/my_velocity_to_pwm/src/velocity_to_pwm_node.cpp:60:56:[m[K [01;31m[Kerror: [m[Kâ€˜[01m[Kbow_star_pub_[m[Kâ€™ does not name a type
   60 |   rclcpp::Publisher<std_msgs::msg::Float32>::SharedPtr [01;31m[Kbow_star_pub_[m[K;
      |                                                        [01;31m[K^~~~~~~~~~~~~[m[K
[01m[K/home/jain/Documents/GitHub/VRX_NUMarine/src/vrx/ros_packages/my_velocity_to_pwm/src/velocity_to_pwm_node.cpp:[m[K In constructor â€˜[01m[KThrusterController::ThrusterController()[m[Kâ€™:
[01m[K/home/jain/Documents/GitHub/VRX_NUMarine/src/vrx/ros_packages/my_velocity_to_pwm/src/velocity_to_pwm_node.cpp:16:5:[m[K [01;31m[Kerror: [m[Kâ€˜[01m[Kstern_port_pub_[m[Kâ€™ was not declared in this scope
   16 |     [01;31m[Kstern_port_pub_[m[K = this->create_publisher<std_msgs::msg::Float64>("/wamv/thrusters/stern_port/thrust", 10);
      |     [01;31m[K^~~~~~~~~~~~~~~[m[K
[01m[K/home/jain/Documents/GitHub/VRX_NUMarine/src/vrx/ros_packages/my_velocity_to_pwm/src/velocity_to_pwm_node.cpp:17:5:[m[K [01;31m[Kerror: [m[Kâ€˜[01m[Kstern_star_pub_[m[Kâ€™ was not declared in this scope
   17 |     [01;31m[Kstern_star_pub_[m[K = this->create_publisher<std_msgs::msg::Float64>("/wamv/thrusters/stern_star/thrust", 10);
      |     [01;31m[K^~~~~~~~~~~~~~~[m[K
[01m[K/home/jain/Documents/GitHub/VRX_NUMarine/src/vrx/ros_packages/my_velocity_to_pwm/src/velocity_to_pwm_node.cpp:18:5:[m[K [01;31m[Kerror: [m[Kâ€˜[01m[Kbow_port_pub_[m[Kâ€™ was not declared in this scope
   18 |     [01;31m[Kbow_port_pub_[m[K = this->create_publisher<std_msgs::msg::Float64>("/wamv/thrusters/bow_port/thrust", 10);
      |     [01;31m[K^~~~~~~~~~~~~[m[K
[01m[K/home/jain/Documents/GitHub/VRX_NUMarine/src/vrx/ros_packages/my_velocity_to_pwm/src/velocity_to_pwm_node.cpp:19:5:[m[K [01;31m[Kerror: [m[Kâ€˜[01m[Kbow_star_pub_[m[Kâ€™ was not declared in this scope
   19 |     [01;31m[Kbow_star_pub_[m[K = this->create_publisher<std_msgs::msg::Float64>("/wamv/thrusters/bow_star/thrust", 10);
      |     [01;31m[K^~~~~~~~~~~~~[m[K
[01m[K/home/jain/Documents/GitHub/VRX_NUMarine/src/vrx/ros_packages/my_velocity_to_pwm/src/velocity_to_pwm_node.cpp:[m[K In member function â€˜[01m[Kvoid ThrusterController::cmdVelCallback(geometry_msgs::msg::Twist_<std::allocator<void> >::SharedPtr)[m[Kâ€™:
[01m[K/home/jain/Documents/GitHub/VRX_NUMarine/src/vrx/ros_packages/my_velocity_to_pwm/src/velocity_to_pwm_node.cpp:42:19:[m[K [01;31m[Kerror: [m[Kâ€˜[01m[Kstern_port_pub_[m[Kâ€™ was not declared in this scope; did you mean â€˜[01m[Kstern_port_thrust[m[Kâ€™?
   42 |     publishThrust([01;31m[Kstern_port_pub_[m[K, stern_port_thrust);
      |                   [01;31m[K^~~~~~~~~~~~~~~[m[K
      |                   [32m[Kstern_port_thrust[m[K
[01m[K/home/jain/Documents/GitHub/VRX_NUMarine/src/vrx/ros_packages/my_velocity_to_pwm/src/velocity_to_pwm_node.cpp:43:19:[m[K [01;31m[Kerror: [m[Kâ€˜[01m[Kstern_star_pub_[m[Kâ€™ was not declared in this scope; did you mean â€˜[01m[Kstern_star_thrust[m[Kâ€™?
   43 |     publishThrust([01;31m[Kstern_star_pub_[m[K, stern_star_thrust);
      |                   [01;31m[K^~~~~~~~~~~~~~~[m[K
      |                   [32m[Kstern_star_thrust[m[K
[01m[K/home/jain/Documents/GitHub/VRX_NUMarine/src/vrx/ros_packages/my_velocity_to_pwm/src/velocity_to_pwm_node.cpp:44:19:[m[K [01;31m[Kerror: [m[Kâ€˜[01m[Kbow_port_pub_[m[Kâ€™ was not declared in this scope; did you mean â€˜[01m[Kbow_port_thrust[m[Kâ€™?
   44 |     publishThrust([01;31m[Kbow_port_pub_[m[K, bow_port_thrust);
      |                   [01;31m[K^~~~~~~~~~~~~[m[K
      |                   [32m[Kbow_port_thrust[m[K
[01m[K/home/jain/Documents/GitHub/VRX_NUMarine/src/vrx/ros_packages/my_velocity_to_pwm/src/velocity_to_pwm_node.cpp:45:19:[m[K [01;31m[Kerror: [m[Kâ€˜[01m[Kbow_star_pub_[m[Kâ€™ was not declared in this scope; did you mean â€˜[01m[Kbow_star_thrust[m[Kâ€™?
   45 |     publishThrust([01;31m[Kbow_star_pub_[m[K, bow_star_thrust);
      |                   [01;31m[K^~~~~~~~~~~~~[m[K
      |                   [32m[Kbow_star_thrust[m[K
[01m[K/home/jain/Documents/GitHub/VRX_NUMarine/src/vrx/ros_packages/my_velocity_to_pwm/src/velocity_to_pwm_node.cpp:[m[K In member function â€˜[01m[Kvoid ThrusterController::publishThrust(int)[m[Kâ€™:
[01m[K/home/jain/Documents/GitHub/VRX_NUMarine/src/vrx/ros_packages/my_velocity_to_pwm/src/velocity_to_pwm_node.cpp:51:42:[m[K [01;31m[Kerror: [m[Kâ€˜[01m[Kthrust[m[Kâ€™ was not declared in this scope
   51 |     thrust_msg.data = static_cast<float>([01;31m[Kthrust[m[K);
      |                                          [01;31m[K^~~~~~[m[K
[01m[K/home/jain/Documents/GitHub/VRX_NUMarine/src/vrx/ros_packages/my_velocity_to_pwm/src/velocity_to_pwm_node.cpp:52:5:[m[K [01;31m[Kerror: [m[Kâ€˜[01m[Kpublisher[m[Kâ€™ was not declared in this scope; did you mean â€˜[01m[KpublishThrust[m[Kâ€™?
   52 |     [01;31m[Kpublisher[m[K->publish(thrust_msg);
      |     [01;31m[K^~~~~~~~~[m[K
      |     [32m[KpublishThrust[m[K
[01m[K/home/jain/Documents/GitHub/VRX_NUMarine/src/vrx/ros_packages/my_velocity_to_pwm/src/velocity_to_pwm_node.cpp:48:65:[m[K [01;35m[Kwarning: [m[Kunused parameter â€˜[01m[KSharedPtr[m[Kâ€™ [[01;35m[K]8;;https://gcc.gnu.org/onlinedocs/gcc/Warning-Options.html#index-Wunused-parameter-Wunused-parameter]8;;[m[K]
   48 |   void publishThrust([01;35m[Krclcpp::Publisher<std_msgs::msg::Float32>::SharedPtr[m[K publisher, double thrust)
      |                      [01;35m[K~~~~~~~~~~~~~~~~~~~~~~~~~~~~~~~~~~~~~~~~~~~^~~~~~~~~[m[K
gmake[2]: *** [CMakeFiles/velocity_to_pwm_node.dir/build.make:76: CMakeFiles/velocity_to_pwm_node.dir/src/velocity_to_pwm_node.cpp.o] Error 1
gmake[1]: *** [CMakeFiles/Makefile2:137: CMakeFiles/velocity_to_pwm_node.dir/all] Error 2
gmake: *** [Makefile:146: all] Error 2
