[0.083s] Invoking command in '/home/jain/Documents/GitHub/VRX_NUMarine/build/my_velocity_to_pwm': CMAKE_PREFIX_PATH=${CMAKE_PREFIX_PATH}:/opt/ros/humble /usr/bin/cmake --build /home/jain/Documents/GitHub/VRX_NUMarine/build/my_velocity_to_pwm -- -j8 -l8
[0.260s] [35m[1mConsolidate compiler generated dependencies of target velocity_to_pwm_node[0m
[0.294s] [ 50%] [32mBuilding CXX object CMakeFiles/velocity_to_pwm_node.dir/src/velocity_to_pwm_node.cpp.o[0m
[6.316s] [01m[K/home/jain/Documents/GitHub/VRX_NUMarine/src/vrx/ros_packages/my_velocity_to_pwm/src/velocity_to_pwm_node.cpp:48:55:[m[K [01;31m[Kerror: [m[Kâ€˜[01m[KFloat32[m[Kâ€™ is not a member of â€˜[01m[Kstd_msgs::msg[m[Kâ€™; did you mean â€˜[01m[KFloat64[m[Kâ€™?
[6.316s]    48 |   void publishThrust(rclcpp::Publisher<std_msgs::msg::[01;31m[KFloat32[m[K>::SharedPtr publisher, double thrust)
[6.316s]       |                                                       [01;31m[K^~~~~~~[m[K
[6.316s]       |                                                       [32m[KFloat64[m[K
[6.316s] [01m[K/home/jain/Documents/GitHub/VRX_NUMarine/src/vrx/ros_packages/my_velocity_to_pwm/src/velocity_to_pwm_node.cpp:48:62:[m[K [01;31m[Kerror: [m[Ktemplate argument 1 is invalid
[6.317s]    48 |   void publishThrust(rclcpp::Publisher<std_msgs::msg::Float32[01;31m[K>[m[K::SharedPtr publisher, double thrust)
[6.317s]       |                                                              [01;31m[K^[m[K
[6.317s] [01m[K/home/jain/Documents/GitHub/VRX_NUMarine/src/vrx/ros_packages/my_velocity_to_pwm/src/velocity_to_pwm_node.cpp:48:75:[m[K [01;31m[Kerror: [m[Kexpected â€˜[01m[K,[m[Kâ€™ or â€˜[01m[K...[m[Kâ€™ before â€˜[01m[Kpublisher[m[Kâ€™
[6.317s]    48 |   void publishThrust(rclcpp::Publisher<std_msgs::msg::Float32>::SharedPtr [01;31m[Kpublisher[m[K, double thrust)
[6.317s]       |                                                                           [01;31m[K^~~~~~~~~[m[K
[6.317s] [01m[K/home/jain/Documents/GitHub/VRX_NUMarine/src/vrx/ros_packages/my_velocity_to_pwm/src/velocity_to_pwm_node.cpp:57:36:[m[K [01;31m[Kerror: [m[Kâ€˜[01m[KFloat32[m[Kâ€™ is not a member of â€˜[01m[Kstd_msgs::msg[m[Kâ€™; did you mean â€˜[01m[KFloat64[m[Kâ€™?
[6.318s]    57 |   rclcpp::Publisher<std_msgs::msg::[01;31m[KFloat32[m[K>::SharedPtr stern_port_pub_;
[6.318s]       |                                    [01;31m[K^~~~~~~[m[K
[6.318s]       |                                    [32m[KFloat64[m[K
[6.318s] [01m[K/home/jain/Documents/GitHub/VRX_NUMarine/src/vrx/ros_packages/my_velocity_to_pwm/src/velocity_to_pwm_node.cpp:57:43:[m[K [01;31m[Kerror: [m[Ktemplate argument 1 is invalid
[6.318s]    57 |   rclcpp::Publisher<std_msgs::msg::Float32[01;31m[K>[m[K::SharedPtr stern_port_pub_;
[6.318s]       |                                           [01;31m[K^[m[K
[6.319s] [01m[K/home/jain/Documents/GitHub/VRX_NUMarine/src/vrx/ros_packages/my_velocity_to_pwm/src/velocity_to_pwm_node.cpp:57:46:[m[K [01;31m[Kerror: [m[Kexpected â€˜[01m[K;[m[Kâ€™ at end of member declaration
[6.319s]    57 |   rclcpp::Publisher<std_msgs::msg::Float32>::[01;31m[KSharedPtr[m[K stern_port_pub_;
[6.319s]       |                                              [01;31m[K^~~~~~~~~[m[K
[6.319s]       |                                                       [32m[K;[m[K
[6.321s] [01m[K/home/jain/Documents/GitHub/VRX_NUMarine/src/vrx/ros_packages/my_velocity_to_pwm/src/velocity_to_pwm_node.cpp:57:56:[m[K [01;31m[Kerror: [m[Kâ€˜[01m[Kstern_port_pub_[m[Kâ€™ does not name a type
[6.321s]    57 |   rclcpp::Publisher<std_msgs::msg::Float32>::SharedPtr [01;31m[Kstern_port_pub_[m[K;
[6.321s]       |                                                        [01;31m[K^~~~~~~~~~~~~~~[m[K
[6.321s] [01m[K/home/jain/Documents/GitHub/VRX_NUMarine/src/vrx/ros_packages/my_velocity_to_pwm/src/velocity_to_pwm_node.cpp:58:36:[m[K [01;31m[Kerror: [m[Kâ€˜[01m[KFloat32[m[Kâ€™ is not a member of â€˜[01m[Kstd_msgs::msg[m[Kâ€™; did you mean â€˜[01m[KFloat64[m[Kâ€™?
[6.322s]    58 |   rclcpp::Publisher<std_msgs::msg::[01;31m[KFloat32[m[K>::SharedPtr stern_star_pub_;
[6.322s]       |                                    [01;31m[K^~~~~~~[m[K
[6.322s]       |                                    [32m[KFloat64[m[K
[6.322s] [01m[K/home/jain/Documents/GitHub/VRX_NUMarine/src/vrx/ros_packages/my_velocity_to_pwm/src/velocity_to_pwm_node.cpp:58:43:[m[K [01;31m[Kerror: [m[Ktemplate argument 1 is invalid
[6.322s]    58 |   rclcpp::Publisher<std_msgs::msg::Float32[01;31m[K>[m[K::SharedPtr stern_star_pub_;
[6.322s]       |                                           [01;31m[K^[m[K
[6.323s] [01m[K/home/jain/Documents/GitHub/VRX_NUMarine/src/vrx/ros_packages/my_velocity_to_pwm/src/velocity_to_pwm_node.cpp:58:46:[m[K [01;31m[Kerror: [m[Kexpected â€˜[01m[K;[m[Kâ€™ at end of member declaration
[6.323s]    58 |   rclcpp::Publisher<std_msgs::msg::Float32>::[01;31m[KSharedPtr[m[K stern_star_pub_;
[6.323s]       |                                              [01;31m[K^~~~~~~~~[m[K
[6.323s]       |                                                       [32m[K;[m[K
[6.323s] [01m[K/home/jain/Documents/GitHub/VRX_NUMarine/src/vrx/ros_packages/my_velocity_to_pwm/src/velocity_to_pwm_node.cpp:58:46:[m[K [01;31m[Kerror: [m[Kredeclaration of â€˜[01m[Kint ThrusterController::SharedPtr[m[Kâ€™
[6.323s] [01m[K/home/jain/Documents/GitHub/VRX_NUMarine/src/vrx/ros_packages/my_velocity_to_pwm/src/velocity_to_pwm_node.cpp:57:46:[m[K [01;36m[Knote: [m[Kprevious declaration â€˜[01m[Kint ThrusterController::SharedPtr[m[Kâ€™
[6.323s]    57 |   rclcpp::Publisher<std_msgs::msg::Float32>::[01;36m[KSharedPtr[m[K stern_port_pub_;
[6.324s]       |                                              [01;36m[K^~~~~~~~~[m[K
[6.327s] [01m[K/home/jain/Documents/GitHub/VRX_NUMarine/src/vrx/ros_packages/my_velocity_to_pwm/src/velocity_to_pwm_node.cpp:58:56:[m[K [01;31m[Kerror: [m[Kâ€˜[01m[Kstern_star_pub_[m[Kâ€™ does not name a type
[6.327s]    58 |   rclcpp::Publisher<std_msgs::msg::Float32>::SharedPtr [01;31m[Kstern_star_pub_[m[K;
[6.328s]       |                                                        [01;31m[K^~~~~~~~~~~~~~~[m[K
[6.328s] [01m[K/home/jain/Documents/GitHub/VRX_NUMarine/src/vrx/ros_packages/my_velocity_to_pwm/src/velocity_to_pwm_node.cpp:59:36:[m[K [01;31m[Kerror: [m[Kâ€˜[01m[KFloat32[m[Kâ€™ is not a member of â€˜[01m[Kstd_msgs::msg[m[Kâ€™; did you mean â€˜[01m[KFloat64[m[Kâ€™?
[6.328s]    59 |   rclcpp::Publisher<std_msgs::msg::[01;31m[KFloat32[m[K>::SharedPtr bow_port_pub_;
[6.329s]       |                                    [01;31m[K^~~~~~~[m[K
[6.329s]       |                                    [32m[KFloat64[m[K
[6.329s] [01m[K/home/jain/Documents/GitHub/VRX_NUMarine/src/vrx/ros_packages/my_velocity_to_pwm/src/velocity_to_pwm_node.cpp:59:43:[m[K [01;31m[Kerror: [m[Ktemplate argument 1 is invalid
[6.329s]    59 |   rclcpp::Publisher<std_msgs::msg::Float32[01;31m[K>[m[K::SharedPtr bow_port_pub_;
[6.330s]       |                                           [01;31m[K^[m[K
[6.330s] [01m[K/home/jain/Documents/GitHub/VRX_NUMarine/src/vrx/ros_packages/my_velocity_to_pwm/src/velocity_to_pwm_node.cpp:59:46:[m[K [01;31m[Kerror: [m[Kexpected â€˜[01m[K;[m[Kâ€™ at end of member declaration
[6.330s]    59 |   rclcpp::Publisher<std_msgs::msg::Float32>::[01;31m[KSharedPtr[m[K bow_port_pub_;
[6.331s]       |                                              [01;31m[K^~~~~~~~~[m[K
[6.331s]       |                                                       [32m[K;[m[K
[6.331s] [01m[K/home/jain/Documents/GitHub/VRX_NUMarine/src/vrx/ros_packages/my_velocity_to_pwm/src/velocity_to_pwm_node.cpp:59:46:[m[K [01;31m[Kerror: [m[Kredeclaration of â€˜[01m[Kint ThrusterController::SharedPtr[m[Kâ€™
[6.332s] [01m[K/home/jain/Documents/GitHub/VRX_NUMarine/src/vrx/ros_packages/my_velocity_to_pwm/src/velocity_to_pwm_node.cpp:57:46:[m[K [01;36m[Knote: [m[Kprevious declaration â€˜[01m[Kint ThrusterController::SharedPtr[m[Kâ€™
[6.332s]    57 |   rclcpp::Publisher<std_msgs::msg::Float32>::[01;36m[KSharedPtr[m[K stern_port_pub_;
[6.332s]       |                                              [01;36m[K^~~~~~~~~[m[K
[6.338s] [01m[K/home/jain/Documents/GitHub/VRX_NUMarine/src/vrx/ros_packages/my_velocity_to_pwm/src/velocity_to_pwm_node.cpp:59:56:[m[K [01;31m[Kerror: [m[Kâ€˜[01m[Kbow_port_pub_[m[Kâ€™ does not name a type
[6.338s]    59 |   rclcpp::Publisher<std_msgs::msg::Float32>::SharedPtr [01;31m[Kbow_port_pub_[m[K;
[6.338s]       |                                                        [01;31m[K^~~~~~~~~~~~~[m[K
[6.339s] [01m[K/home/jain/Documents/GitHub/VRX_NUMarine/src/vrx/ros_packages/my_velocity_to_pwm/src/velocity_to_pwm_node.cpp:60:36:[m[K [01;31m[Kerror: [m[Kâ€˜[01m[KFloat32[m[Kâ€™ is not a member of â€˜[01m[Kstd_msgs::msg[m[Kâ€™; did you mean â€˜[01m[KFloat64[m[Kâ€™?
[6.339s]    60 |   rclcpp::Publisher<std_msgs::msg::[01;31m[KFloat32[m[K>::SharedPtr bow_star_pub_;
[6.339s]       |                                    [01;31m[K^~~~~~~[m[K
[6.339s]       |                                    [32m[KFloat64[m[K
[6.339s] [01m[K/home/jain/Documents/GitHub/VRX_NUMarine/src/vrx/ros_packages/my_velocity_to_pwm/src/velocity_to_pwm_node.cpp:60:43:[m[K [01;31m[Kerror: [m[Ktemplate argument 1 is invalid
[6.340s]    60 |   rclcpp::Publisher<std_msgs::msg::Float32[01;31m[K>[m[K::SharedPtr bow_star_pub_;
[6.340s]       |                                           [01;31m[K^[m[K
[6.340s] [01m[K/home/jain/Documents/GitHub/VRX_NUMarine/src/vrx/ros_packages/my_velocity_to_pwm/src/velocity_to_pwm_node.cpp:60:46:[m[K [01;31m[Kerror: [m[Kexpected â€˜[01m[K;[m[Kâ€™ at end of member declaration
[6.340s]    60 |   rclcpp::Publisher<std_msgs::msg::Float32>::[01;31m[KSharedPtr[m[K bow_star_pub_;
[6.340s]       |                                              [01;31m[K^~~~~~~~~[m[K
[6.340s]       |                                                       [32m[K;[m[K
[6.340s] [01m[K/home/jain/Documents/GitHub/VRX_NUMarine/src/vrx/ros_packages/my_velocity_to_pwm/src/velocity_to_pwm_node.cpp:60:46:[m[K [01;31m[Kerror: [m[Kredeclaration of â€˜[01m[Kint ThrusterController::SharedPtr[m[Kâ€™
[6.340s] [01m[K/home/jain/Documents/GitHub/VRX_NUMarine/src/vrx/ros_packages/my_velocity_to_pwm/src/velocity_to_pwm_node.cpp:57:46:[m[K [01;36m[Knote: [m[Kprevious declaration â€˜[01m[Kint ThrusterController::SharedPtr[m[Kâ€™
[6.341s]    57 |   rclcpp::Publisher<std_msgs::msg::Float32>::[01;36m[KSharedPtr[m[K stern_port_pub_;
[6.341s]       |                                              [01;36m[K^~~~~~~~~[m[K
[6.344s] [01m[K/home/jain/Documents/GitHub/VRX_NUMarine/src/vrx/ros_packages/my_velocity_to_pwm/src/velocity_to_pwm_node.cpp:60:56:[m[K [01;31m[Kerror: [m[Kâ€˜[01m[Kbow_star_pub_[m[Kâ€™ does not name a type
[6.345s]    60 |   rclcpp::Publisher<std_msgs::msg::Float32>::SharedPtr [01;31m[Kbow_star_pub_[m[K;
[6.345s]       |                                                        [01;31m[K^~~~~~~~~~~~~[m[K
[6.502s] [01m[K/home/jain/Documents/GitHub/VRX_NUMarine/src/vrx/ros_packages/my_velocity_to_pwm/src/velocity_to_pwm_node.cpp:[m[K In constructor â€˜[01m[KThrusterController::ThrusterController()[m[Kâ€™:
[6.502s] [01m[K/home/jain/Documents/GitHub/VRX_NUMarine/src/vrx/ros_packages/my_velocity_to_pwm/src/velocity_to_pwm_node.cpp:16:5:[m[K [01;31m[Kerror: [m[Kâ€˜[01m[Kstern_port_pub_[m[Kâ€™ was not declared in this scope
[6.502s]    16 |     [01;31m[Kstern_port_pub_[m[K = this->create_publisher<std_msgs::msg::Float64>("/wamv/thrusters/stern_port/thrust", 10);
[6.503s]       |     [01;31m[K^~~~~~~~~~~~~~~[m[K
[6.529s] [01m[K/home/jain/Documents/GitHub/VRX_NUMarine/src/vrx/ros_packages/my_velocity_to_pwm/src/velocity_to_pwm_node.cpp:17:5:[m[K [01;31m[Kerror: [m[Kâ€˜[01m[Kstern_star_pub_[m[Kâ€™ was not declared in this scope
[6.529s]    17 |     [01;31m[Kstern_star_pub_[m[K = this->create_publisher<std_msgs::msg::Float64>("/wamv/thrusters/stern_star/thrust", 10);
[6.529s]       |     [01;31m[K^~~~~~~~~~~~~~~[m[K
[6.545s] [01m[K/home/jain/Documents/GitHub/VRX_NUMarine/src/vrx/ros_packages/my_velocity_to_pwm/src/velocity_to_pwm_node.cpp:18:5:[m[K [01;31m[Kerror: [m[Kâ€˜[01m[Kbow_port_pub_[m[Kâ€™ was not declared in this scope
[6.545s]    18 |     [01;31m[Kbow_port_pub_[m[K = this->create_publisher<std_msgs::msg::Float64>("/wamv/thrusters/bow_port/thrust", 10);
[6.545s]       |     [01;31m[K^~~~~~~~~~~~~[m[K
[6.557s] [01m[K/home/jain/Documents/GitHub/VRX_NUMarine/src/vrx/ros_packages/my_velocity_to_pwm/src/velocity_to_pwm_node.cpp:19:5:[m[K [01;31m[Kerror: [m[Kâ€˜[01m[Kbow_star_pub_[m[Kâ€™ was not declared in this scope
[6.557s]    19 |     [01;31m[Kbow_star_pub_[m[K = this->create_publisher<std_msgs::msg::Float64>("/wamv/thrusters/bow_star/thrust", 10);
[6.557s]       |     [01;31m[K^~~~~~~~~~~~~[m[K
[6.592s] [01m[K/home/jain/Documents/GitHub/VRX_NUMarine/src/vrx/ros_packages/my_velocity_to_pwm/src/velocity_to_pwm_node.cpp:[m[K In member function â€˜[01m[Kvoid ThrusterController::cmdVelCallback(geometry_msgs::msg::Twist_<std::allocator<void> >::SharedPtr)[m[Kâ€™:
[6.592s] [01m[K/home/jain/Documents/GitHub/VRX_NUMarine/src/vrx/ros_packages/my_velocity_to_pwm/src/velocity_to_pwm_node.cpp:42:19:[m[K [01;31m[Kerror: [m[Kâ€˜[01m[Kstern_port_pub_[m[Kâ€™ was not declared in this scope; did you mean â€˜[01m[Kstern_port_thrust[m[Kâ€™?
[6.592s]    42 |     publishThrust([01;31m[Kstern_port_pub_[m[K, stern_port_thrust);
[6.593s]       |                   [01;31m[K^~~~~~~~~~~~~~~[m[K
[6.593s]       |                   [32m[Kstern_port_thrust[m[K
[6.612s] [01m[K/home/jain/Documents/GitHub/VRX_NUMarine/src/vrx/ros_packages/my_velocity_to_pwm/src/velocity_to_pwm_node.cpp:43:19:[m[K [01;31m[Kerror: [m[Kâ€˜[01m[Kstern_star_pub_[m[Kâ€™ was not declared in this scope; did you mean â€˜[01m[Kstern_star_thrust[m[Kâ€™?
[6.612s]    43 |     publishThrust([01;31m[Kstern_star_pub_[m[K, stern_star_thrust);
[6.612s]       |                   [01;31m[K^~~~~~~~~~~~~~~[m[K
[6.614s]       |                   [32m[Kstern_star_thrust[m[K
[6.629s] [01m[K/home/jain/Documents/GitHub/VRX_NUMarine/src/vrx/ros_packages/my_velocity_to_pwm/src/velocity_to_pwm_node.cpp:44:19:[m[K [01;31m[Kerror: [m[Kâ€˜[01m[Kbow_port_pub_[m[Kâ€™ was not declared in this scope; did you mean â€˜[01m[Kbow_port_thrust[m[Kâ€™?
[6.630s]    44 |     publishThrust([01;31m[Kbow_port_pub_[m[K, bow_port_thrust);
[6.630s]       |                   [01;31m[K^~~~~~~~~~~~~[m[K
[6.630s]       |                   [32m[Kbow_port_thrust[m[K
[6.656s] [01m[K/home/jain/Documents/GitHub/VRX_NUMarine/src/vrx/ros_packages/my_velocity_to_pwm/src/velocity_to_pwm_node.cpp:45:19:[m[K [01;31m[Kerror: [m[Kâ€˜[01m[Kbow_star_pub_[m[Kâ€™ was not declared in this scope; did you mean â€˜[01m[Kbow_star_thrust[m[Kâ€™?
[6.656s]    45 |     publishThrust([01;31m[Kbow_star_pub_[m[K, bow_star_thrust);
[6.657s]       |                   [01;31m[K^~~~~~~~~~~~~[m[K
[6.657s]       |                   [32m[Kbow_star_thrust[m[K
[6.671s] [01m[K/home/jain/Documents/GitHub/VRX_NUMarine/src/vrx/ros_packages/my_velocity_to_pwm/src/velocity_to_pwm_node.cpp:[m[K In member function â€˜[01m[Kvoid ThrusterController::publishThrust(int)[m[Kâ€™:
[6.671s] [01m[K/home/jain/Documents/GitHub/VRX_NUMarine/src/vrx/ros_packages/my_velocity_to_pwm/src/velocity_to_pwm_node.cpp:51:42:[m[K [01;31m[Kerror: [m[Kâ€˜[01m[Kthrust[m[Kâ€™ was not declared in this scope
[6.671s]    51 |     thrust_msg.data = static_cast<float>([01;31m[Kthrust[m[K);
[6.671s]       |                                          [01;31m[K^~~~~~[m[K
[6.683s] [01m[K/home/jain/Documents/GitHub/VRX_NUMarine/src/vrx/ros_packages/my_velocity_to_pwm/src/velocity_to_pwm_node.cpp:52:5:[m[K [01;31m[Kerror: [m[Kâ€˜[01m[Kpublisher[m[Kâ€™ was not declared in this scope; did you mean â€˜[01m[KpublishThrust[m[Kâ€™?
[6.683s]    52 |     [01;31m[Kpublisher[m[K->publish(thrust_msg);
[6.683s]       |     [01;31m[K^~~~~~~~~[m[K
[6.683s]       |     [32m[KpublishThrust[m[K
[6.684s] [01m[K/home/jain/Documents/GitHub/VRX_NUMarine/src/vrx/ros_packages/my_velocity_to_pwm/src/velocity_to_pwm_node.cpp:48:65:[m[K [01;35m[Kwarning: [m[Kunused parameter â€˜[01m[KSharedPtr[m[Kâ€™ [[01;35m[K]8;;https://gcc.gnu.org/onlinedocs/gcc/Warning-Options.html#index-Wunused-parameter-Wunused-parameter]8;;[m[K]
[6.684s]    48 |   void publishThrust([01;35m[Krclcpp::Publisher<std_msgs::msg::Float32>::SharedPtr[m[K publisher, double thrust)
[6.684s]       |                      [01;35m[K~~~~~~~~~~~~~~~~~~~~~~~~~~~~~~~~~~~~~~~~~~~^~~~~~~~~[m[K
[12.223s] gmake[2]: *** [CMakeFiles/velocity_to_pwm_node.dir/build.make:76: CMakeFiles/velocity_to_pwm_node.dir/src/velocity_to_pwm_node.cpp.o] Error 1
[12.223s] gmake[1]: *** [CMakeFiles/Makefile2:137: CMakeFiles/velocity_to_pwm_node.dir/all] Error 2
[12.223s] gmake: *** [Makefile:146: all] Error 2
[12.229s] Invoked command in '/home/jain/Documents/GitHub/VRX_NUMarine/build/my_velocity_to_pwm' returned '2': CMAKE_PREFIX_PATH=${CMAKE_PREFIX_PATH}:/opt/ros/humble /usr/bin/cmake --build /home/jain/Documents/GitHub/VRX_NUMarine/build/my_velocity_to_pwm -- -j8 -l8
